0 info it worked if it ends with ok
1 verbose cli [ 'node', '/usr/local/bin/npm', 'install', 'mqtt_pubpwd' ]
2 info using npm@1.4.28
3 info using node@v0.10.35
4 warn package.json DigitalRead@0.0.0 No repository field.
5 verbose readDependencies using package.json deps
6 verbose cache add [ 'mqtt_pubpwd', null ]
7 verbose cache add name=undefined spec="mqtt_pubpwd" args=["mqtt_pubpwd",null]
8 verbose parsed url { protocol: null,
8 verbose parsed url   slashes: null,
8 verbose parsed url   auth: null,
8 verbose parsed url   host: null,
8 verbose parsed url   port: null,
8 verbose parsed url   hostname: null,
8 verbose parsed url   hash: null,
8 verbose parsed url   search: null,
8 verbose parsed url   query: null,
8 verbose parsed url   pathname: 'mqtt_pubpwd',
8 verbose parsed url   path: 'mqtt_pubpwd',
8 verbose parsed url   href: 'mqtt_pubpwd' }
9 silly lockFile fc0a22d8-mqtt-pubpwd mqtt_pubpwd
10 verbose lock mqtt_pubpwd /Users/fabdin/.npm/fc0a22d8-mqtt-pubpwd.lock
11 silly lockFile fc0a22d8-mqtt-pubpwd mqtt_pubpwd
12 silly lockFile fc0a22d8-mqtt-pubpwd mqtt_pubpwd
13 verbose addNamed [ 'mqtt_pubpwd', '' ]
14 verbose addNamed [ null, '*' ]
15 silly lockFile fd1fab3d-mqtt-pubpwd mqtt_pubpwd@
16 verbose lock mqtt_pubpwd@ /Users/fabdin/.npm/fd1fab3d-mqtt-pubpwd.lock
17 silly addNameRange { name: 'mqtt_pubpwd', range: '*', hasData: false }
18 verbose request where is /mqtt_pubpwd
19 verbose request registry https://registry.npmjs.org/
20 verbose request id 18592285a5d52208
21 verbose url raw /mqtt_pubpwd
22 verbose url resolving [ 'https://registry.npmjs.org/', './mqtt_pubpwd' ]
23 verbose url resolved https://registry.npmjs.org/mqtt_pubpwd
24 verbose request where is https://registry.npmjs.org/mqtt_pubpwd
25 info trying registry request attempt 1 at 22:20:35
26 http GET https://registry.npmjs.org/mqtt_pubpwd
27 http 404 https://registry.npmjs.org/mqtt_pubpwd
28 silly registry.get cb [ 404,
28 silly registry.get   { 'content-type': 'application/json',
28 silly registry.get     'cache-control': 'max-age=0',
28 silly registry.get     'content-length': '2',
28 silly registry.get     'accept-ranges': 'bytes',
28 silly registry.get     date: 'Wed, 12 Oct 2016 02:20:36 GMT',
28 silly registry.get     via: '1.1 varnish',
28 silly registry.get     age: '0',
28 silly registry.get     connection: 'keep-alive',
28 silly registry.get     'x-served-by': 'cache-ord1746-ORD',
28 silly registry.get     'x-cache': 'MISS',
28 silly registry.get     'x-cache-hits': '0',
28 silly registry.get     'x-timer': 'S1476238836.007211,VS0,VE89',
28 silly registry.get     vary: 'Accept-Encoding' } ]
29 silly lockFile fd1fab3d-mqtt-pubpwd mqtt_pubpwd@
30 silly lockFile fd1fab3d-mqtt-pubpwd mqtt_pubpwd@
31 error 404 Not Found
31 error 404
31 error 404 'mqtt_pubpwd' is not in the npm registry.
31 error 404 You should bug the author to publish it
31 error 404 It was specified as a dependency of 'DigitalRead'
31 error 404
31 error 404 Note that you can also install from a
31 error 404 tarball, folder, or http url, or git url.
32 error System Darwin 15.6.0
33 error command "node" "/usr/local/bin/npm" "install" "mqtt_pubpwd"
34 error cwd /Users/fabdin/XCodeProjects/SmartShelfIoT
35 error node -v v0.10.35
36 error npm -v 1.4.28
37 error code E404
38 verbose exit [ 1, true ]
